<?xml version="1.0" encoding="UTF-8"?>
<!-- Generated by org.testng.reporters.JUnitReportReporter -->
<testsuite hostname="VVVV" name="com.test.HomePageTest" tests="2" failures="0" timestamp="9 Mar 2016 21:09:46 GMT" time="3.887" errors="0">
  <testcase name="countSocialIconsTest" time="0.070" classname="com.test.HomePageTest"/>
  <testcase name="clickOnLoginTest" time="3.817" classname="com.test.HomePageTest"/>
</testsuite> <!-- com.test.HomePageTest -->
