<?xml version="1.0" encoding="UTF-8"?>
<!-- Generated by org.testng.reporters.JUnitReportReporter -->
<testsuite hostname="VVVV" name="com.test.LoginPage_PFTest" tests="1" failures="0" timestamp="25 Feb 2016 19:47:42 GMT" time="14.324" errors="0">
  <testcase name="method1" time="14.324" classname="com.test.LoginPage_PFTest"/>
</testsuite> <!-- com.test.LoginPage_PFTest -->
